<?xml version="1.0" encoding="UTF-8"?>
<!-- Generated by org.testng.reporters.JUnitReportReporter -->
<testsuite hostname="workstation" failures="0" tests="6" name="testuniversity.DependsOnMethods_No" time="0.010" errors="0" timestamp="2023-11-06T11:48:39 ALMT" skipped="0">
  <testcase classname="testuniversity.DependsOnMethods_No" name="test2_openOrangeCRM" time="0.000"/>
  <system-out/>
  <testcase classname="testuniversity.DependsOnMethods_No" name="test3_signIn" time="0.000"/>
  <system-out/>
  <testcase classname="testuniversity.DependsOnMethods_No" name="test1_setUpChrome" time="0.009"/>
  <system-out/>
  <testcase classname="testuniversity.DependsOnMethods_No" name="test6_searchCandidate" time="0.001"/>
  <system-out/>
  <testcase classname="testuniversity.DependsOnMethods_No" name="test7_signOut" time="0.000"/>
  <system-out/>
  <testcase classname="testuniversity.DependsOnMethods_No" name="test4_searchUser" time="0.000"/>
  <system-out/>
</testsuite> <!-- testuniversity.DependsOnMethods_No -->
