<?xml version="1.0" encoding="UTF-8"?>
<!-- Generated by org.testng.reporters.JUnitReportReporter -->
<testsuite hostname="workstation" failures="0" tests="2" name="testuniversity.Configuration_Annotations" time="0.008" errors="0" timestamp="2023-10-30T06:13:58 ALMT" skipped="0">
  <testcase classname="testuniversity.Configuration_Annotations" name="searchProduct" time="0.003"/>
  <system-out/>
  <testcase classname="testuniversity.Configuration_Annotations" name="searchCustomer" time="0.005"/>
  <system-out/>
</testsuite> <!-- testuniversity.Configuration_Annotations -->
