<?xml version="1.0" encoding="UTF-8"?>
<!-- Generated by org.testng.reporters.JUnitReportReporter -->
<testsuite hostname="workstation" failures="0" tests="3" name="testuniversity.DefaultExecutionOrder_Class" time="0.005" errors="0" timestamp="2023-11-05T17:16:30 ALMT" skipped="0">
  <testcase classname="testuniversity.DefaultExecutionOrder_Class" name="searchTShirt" time="0.003"/>
  <system-out/>
  <testcase classname="testuniversity.DefaultExecutionOrder_Class" name="signOut" time="0.000"/>
  <system-out/>
  <testcase classname="testuniversity.DefaultExecutionOrder_Class" name="signIn" time="0.002"/>
  <system-out/>
</testsuite> <!-- testuniversity.DefaultExecutionOrder_Class -->
