<?xml version="1.0" encoding="UTF-8"?>
<!-- Generated by org.testng.reporters.JUnitReportReporter -->
<testsuite hostname="workstation" failures="0" tests="3" name="testuniversity.BM_AM_OrangeHRM" time="7.266" errors="0" timestamp="2023-11-05T23:35:58 ALMT" skipped="0">
  <testcase classname="testuniversity.BM_AM_OrangeHRM" name="signIn" time="4.156"/>
  <system-out/>
  <testcase classname="testuniversity.BM_AM_OrangeHRM" name="testHomePageVerification" time="0.003"/>
  <system-out/>
  <testcase classname="testuniversity.BM_AM_OrangeHRM" name="userSignOut" time="3.107"/>
  <system-out/>
</testsuite> <!-- testuniversity.BM_AM_OrangeHRM -->
