<?xml version="1.0" encoding="UTF-8"?>
<!-- Generated by org.testng.reporters.JUnitReportReporter -->
<testsuite hostname="workstation" failures="0" tests="1" name="testuniversity.Configuration_Annotations" time="0.006" errors="0" timestamp="2023-11-05T16:59:23 ALMT" skipped="0">
  <testcase classname="testuniversity.Configuration_Annotations" name="searchCustomer" time="0.006"/>
  <system-out/>
</testsuite> <!-- testuniversity.Configuration_Annotations -->
