<?xml version="1.0" encoding="UTF-8"?>
<!-- Generated by org.testng.reporters.JUnitReportReporter -->
<testsuite hostname="workstation" failures="0" tests="2" name="testuniversity.Groups_DependsOnGroups_Pass" time="0.002" errors="0" timestamp="2023-11-06T13:50:28 ALMT" skipped="0">
  <testcase classname="testuniversity.Groups_DependsOnGroups_Pass" name="test2_openOrangeCRM" time="0.001"/>
  <system-out/>
  <testcase classname="testuniversity.Groups_DependsOnGroups_Pass" name="test1_setUpChrome" time="0.001"/>
  <system-out/>
</testsuite> <!-- testuniversity.Groups_DependsOnGroups_Pass -->
