<?xml version="1.0" encoding="UTF-8"?>
<!-- Generated by org.testng.reporters.JUnitReportReporter -->
<testsuite hostname="workstation" failures="0" tests="1" name="testuniversity.Fail_ConfigurationAnnotation" time="0.006" errors="0" timestamp="2023-11-05T23:56:23 ALMT" skipped="0">
  <testcase classname="testuniversity.Fail_ConfigurationAnnotation" name="userSearch" time="0.006"/>
  <system-out/>
</testsuite> <!-- testuniversity.Fail_ConfigurationAnnotation -->
