<?xml version="1.0" encoding="UTF-8"?>
<!-- Generated by org.testng.reporters.JUnitReportReporter -->
<testsuite hostname="workstation" failures="0" tests="1" name="testuniversity.BM_AM_OrangeHRM" time="11.155" errors="0" timestamp="2023-11-05T14:26:25 ALMT" skipped="0">
  <testcase classname="testuniversity.BM_AM_OrangeHRM" name="userSearch" time="11.155"/>
  <system-out/>
</testsuite> <!-- testuniversity.BM_AM_OrangeHRM -->
