<?xml version="1.0" encoding="UTF-8"?>
<!-- Generated by org.testng.reporters.JUnitReportReporter -->
<testsuite hostname="workstation" failures="0" tests="2" name="testuniversity.Configuration_Annotations" time="0.005" errors="0" timestamp="2023-11-06T11:47:57 ALMT" skipped="0">
  <testcase classname="testuniversity.Configuration_Annotations" name="searchProduct" time="0.001"/>
  <system-out/>
  <testcase classname="testuniversity.Configuration_Annotations" name="searchCustomer" time="0.004"/>
  <system-out/>
</testsuite> <!-- testuniversity.Configuration_Annotations -->
