<?xml version="1.0" encoding="UTF-8"?>
<!-- Generated by org.testng.reporters.JUnitReportReporter -->
<testsuite hostname="workstation" failures="0" tests="1" name="testuniversity.BM_AM_OrangeHRM" time="12.258" errors="0" timestamp="2023-11-04T17:14:17 ALMT" skipped="0">
  <testcase classname="testuniversity.BM_AM_OrangeHRM" name="userSearch" time="12.258"/>
  <system-out/>
</testsuite> <!-- testuniversity.BM_AM_OrangeHRM -->
