<?xml version="1.0" encoding="UTF-8"?>
<!-- Generated by org.testng.reporters.JUnitReportReporter -->
<testsuite hostname="workstation" failures="0" tests="3" name="testuniversity.LogIn" time="0.008" errors="0" timestamp="2023-11-06T15:19:31 ALMT" skipped="0">
  <testcase classname="testuniversity.LogIn" name="logIn" time="0.007"/>
  <system-out/>
  <testcase classname="testuniversity.LogIn" name="logIn" time="0.001"/>
  <system-out/>
  <testcase classname="testuniversity.LogIn" name="logIn" time="0.000"/>
  <system-out/>
</testsuite> <!-- testuniversity.LogIn -->
