<?xml version="1.0" encoding="UTF-8"?>
<!-- Generated by org.testng.reporters.JUnitReportReporter -->
<testsuite hostname="workstation" failures="0" tests="3" name="testuniversity.Amazon_FakeSite" time="0.011" errors="0" timestamp="2023-11-06T13:50:28 ALMT" skipped="0">
  <testcase classname="testuniversity.Amazon_FakeSite" name="test3_PlaceOrder" time="0.001"/>
  <system-out/>
  <testcase classname="testuniversity.Amazon_FakeSite" name="test2_SearchProducts" time="0.009"/>
  <system-out/>
  <testcase classname="testuniversity.Amazon_FakeSite" name="test5_ShipOrder" time="0.001"/>
  <system-out/>
</testsuite> <!-- testuniversity.Amazon_FakeSite -->
