<?xml version="1.0" encoding="UTF-8"?>
<!-- Generated by org.testng.reporters.JUnitReportReporter -->
<testsuite hostname="workstation" failures="0" tests="3" name="testuniversity.LogIn1" time="0.008" errors="0" timestamp="2023-11-06T15:28:59 ALMT" skipped="0">
  <testcase classname="testuniversity.LogIn1" name="logIn" time="0.006"/>
  <system-out/>
  <testcase classname="testuniversity.LogIn1" name="logIn" time="0.001"/>
  <system-out/>
  <testcase classname="testuniversity.LogIn1" name="logIn" time="0.001"/>
  <system-out/>
</testsuite> <!-- testuniversity.LogIn1 -->
